# JRE version: Java(TM) SE Runtime Environment 18.9 (11.0.9+7) (build 11.0.9+7-LTS)
# Java VM: Java HotSpot(TM) 64-Bit Server VM 18.9 (11.0.9+7-LTS, mixed mode, tiered, compressed oops, g1 gc, windows-amd64)
Heap:
 garbage-first heap   total 655360K, used 561685K [0x0000000600000000, 0x0000000800000000)
  region size 2048K, 139 young (284672K), 14 survivors (28672K)
 Metaspace       used 114198K, capacity 121265K, committed 121444K, reserved 1153024K
  class space    used 14972K, capacity 17402K, committed 17408K, reserved 1048576K
GC Heap History (10 events):
Event: 86.375 GC heap after
{Heap after GC invocations=67 (full 0):
 garbage-first heap   total 544768K, used 253726K [0x0000000600000000, 0x0000000800000000)
  region size 2048K, 8 young (16384K), 8 survivors (16384K)
 Metaspace       used 104872K, capacity 110714K, committed 110820K, reserved 1144832K
  class space    used 13727K, capacity 15716K, committed 15744K, reserved 1048576K
}
Event: 87.426 GC heap before
{Heap before GC invocations=67 (full 0):
 garbage-first heap   total 544768K, used 456478K [0x0000000600000000, 0x0000000800000000)
  region size 2048K, 107 young (219136K), 8 survivors (16384K)
 Metaspace       used 104895K, capacity 110719K, committed 110820K, reserved 1144832K
  class space    used 13727K, capacity 15717K, committed 15744K, reserved 1048576K
}
Event: 87.434 GC heap after
{Heap after GC invocations=68 (full 0):
 garbage-first heap   total 655360K, used 260190K [0x0000000600000000, 0x0000000800000000)
  region size 2048K, 8 young (16384K), 8 survivors (16384K)
 Metaspace       used 104895K, capacity 110719K, committed 110820K, reserved 1144832K
  class space    used 13727K, capacity 15717K, committed 15744K, reserved 1048576K
}
Event: 88.453 GC heap before
{Heap before GC invocations=68 (full 0):
 garbage-first heap   total 655360K, used 520286K [0x0000000600000000, 0x0000000800000000)
  region size 2048K, 136 young (278528K), 8 survivors (16384K)
 Metaspace       used 104901K, capacity 110723K, committed 110820K, reserved 1144832K
  class space    used 13728K, capacity 15718K, committed 15744K, reserved 1048576K
}
Event: 88.461 GC heap after
{Heap after GC invocations=69 (full 0):
 garbage-first heap   total 655360K, used 267990K [0x0000000600000000, 0x0000000800000000)
  region size 2048K, 12 young (24576K), 12 survivors (24576K)
 Metaspace       used 104901K, capacity 110723K, committed 110820K, reserved 1144832K
  class space    used 13728K, capacity 15718K, committed 15744K, reserved 1048576K
}
Event: 89.469 GC heap before
{Heap before GC invocations=69 (full 0):
 garbage-first heap   total 655360K, used 544470K [0x0000000600000000, 0x0000000800000000)
  region size 2048K, 147 young (301056K), 12 survivors (24576K)
 Metaspace       used 105726K, capacity 111785K, committed 112100K, reserved 1144832K
  class space    used 13832K, capacity 15882K, committed 16000K, reserved 1048576K
}
Event: 89.483 GC heap after
{Heap after GC invocations=70 (full 0):
 garbage-first heap   total 655360K, used 280221K [0x0000000600000000, 0x0000000800000000)
  region size 2048K, 15 young (30720K), 15 survivors (30720K)
 Metaspace       used 105726K, capacity 111785K, committed 112100K, reserved 1144832K
  class space    used 13832K, capacity 15882K, committed 16000K, reserved 1048576K
}
Event: 136.853 GC heap before
{Heap before GC invocations=70 (full 0):
 garbage-first heap   total 655360K, used 564893K [0x0000000600000000, 0x0000000800000000)
  region size 2048K, 146 young (299008K), 15 survivors (30720K)
 Metaspace       used 106807K, capacity 112794K, committed 112868K, reserved 1146880K
  class space    used 13936K, capacity 15993K, committed 16000K, reserved 1048576K
}
Event: 136.866 GC heap after
{Heap after GC invocations=71 (full 0):
 garbage-first heap   total 655360K, used 295445K [0x0000000600000000, 0x0000000800000000)
  region size 2048K, 13 young (26624K), 13 survivors (26624K)
 Metaspace       used 106807K, capacity 112794K, committed 112868K, reserved 1146880K
  class space    used 13936K, capacity 15993K, committed 16000K, reserved 1048576K
}
Event: 2832.997 GC heap before
{Heap before GC invocations=71 (full 0):
 garbage-first heap   total 655360K, used 559637K [0x0000000600000000, 0x0000000800000000)
  region size 2048K, 138 young (282624K), 13 survivors (26624K)
 Metaspace       used 114198K, capacity 121265K, committed 121444K, reserved 1153024K
  class space    used 14972K, capacity 17402K, committed 17408K, reserved 1048576K
}

