# JRE version: Java(TM) SE Runtime Environment 18.9 (11.0.9+7) (build 11.0.9+7-LTS)
# Java VM: Java HotSpot(TM) 64-Bit Server VM 18.9 (11.0.9+7-LTS, mixed mode, tiered, compressed oops, g1 gc, windows-amd64)
Heap:
 garbage-first heap   total 260096K, used 166909K [0x0000000600000000, 0x0000000800000000)
  region size 2048K, 9 young (18432K), 5 survivors (10240K)
 Metaspace       used 93338K, capacity 98392K, committed 98608K, reserved 1134592K
  class space    used 12341K, capacity 14100K, committed 14208K, reserved 1048576K
GC Heap History (10 events):
Event: 28.808 GC heap before
{Heap before GC invocations=22 (full 0):
 garbage-first heap   total 260096K, used 202801K [0x0000000600000000, 0x0000000800000000)
  region size 2048K, 51 young (104448K), 6 survivors (12288K)
 Metaspace       used 87216K, capacity 91596K, committed 91824K, reserved 1128448K
  class space    used 11660K, capacity 13262K, committed 13312K, reserved 1048576K
}
Event: 28.819 GC heap after
{Heap after GC invocations=23 (full 0):
 garbage-first heap   total 260096K, used 119705K [0x0000000600000000, 0x0000000800000000)
  region size 2048K, 5 young (10240K), 5 survivors (10240K)
 Metaspace       used 87216K, capacity 91596K, committed 91824K, reserved 1128448K
  class space    used 11660K, capacity 13262K, committed 13312K, reserved 1048576K
}
Event: 30.475 GC heap before
{Heap before GC invocations=23 (full 0):
 garbage-first heap   total 260096K, used 207769K [0x0000000600000000, 0x0000000800000000)
  region size 2048K, 48 young (98304K), 5 survivors (10240K)
 Metaspace       used 89999K, capacity 94696K, committed 94768K, reserved 1130496K
  class space    used 12015K, capacity 13679K, committed 13696K, reserved 1048576K
}
Event: 30.482 GC heap after
{Heap after GC invocations=24 (full 0):
 garbage-first heap   total 260096K, used 125561K [0x0000000600000000, 0x0000000800000000)
  region size 2048K, 3 young (6144K), 3 survivors (6144K)
 Metaspace       used 89999K, capacity 94696K, committed 94768K, reserved 1130496K
  class space    used 12015K, capacity 13679K, committed 13696K, reserved 1048576K
}
Event: 31.613 GC heap before
{Heap before GC invocations=24 (full 0):
 garbage-first heap   total 260096K, used 209529K [0x0000000600000000, 0x0000000800000000)
  region size 2048K, 44 young (90112K), 3 survivors (6144K)
 Metaspace       used 91542K, capacity 96653K, committed 96944K, reserved 1132544K
  class space    used 12236K, capacity 14009K, committed 14080K, reserved 1048576K
}
Event: 31.622 GC heap after
{Heap after GC invocations=25 (full 0):
 garbage-first heap   total 260096K, used 135168K [0x0000000600000000, 0x0000000800000000)
  region size 2048K, 6 young (12288K), 6 survivors (12288K)
 Metaspace       used 91542K, capacity 96653K, committed 96944K, reserved 1132544K
  class space    used 12236K, capacity 14009K, committed 14080K, reserved 1048576K
}
Event: 66.915 GC heap before
{Heap before GC invocations=26 (full 0):
 garbage-first heap   total 260096K, used 210944K [0x0000000600000000, 0x0000000800000000)
  region size 2048K, 44 young (90112K), 6 survivors (12288K)
 Metaspace       used 92965K, capacity 98010K, committed 98352K, reserved 1134592K
  class space    used 12339K, capacity 14096K, committed 14208K, reserved 1048576K
}
Event: 66.922 GC heap after
{Heap after GC invocations=27 (full 0):
 garbage-first heap   total 260096K, used 141628K [0x0000000600000000, 0x0000000800000000)
  region size 2048K, 3 young (6144K), 3 survivors (6144K)
 Metaspace       used 92965K, capacity 98010K, committed 98352K, reserved 1134592K
  class space    used 12339K, capacity 14096K, committed 14208K, reserved 1048576K
}
Event: 67.468 GC heap before
{Heap before GC invocations=27 (full 0):
 garbage-first heap   total 260096K, used 211260K [0x0000000600000000, 0x0000000800000000)
  region size 2048K, 37 young (75776K), 3 survivors (6144K)
 Metaspace       used 93318K, capacity 98323K, committed 98608K, reserved 1134592K
  class space    used 12341K, capacity 14100K, committed 14208K, reserved 1048576K
}
Event: 67.479 GC heap after
{Heap after GC invocations=28 (full 0):
 garbage-first heap   total 260096K, used 160765K [0x0000000600000000, 0x0000000800000000)
  region size 2048K, 5 young (10240K), 5 survivors (10240K)
 Metaspace       used 93318K, capacity 98323K, committed 98608K, reserved 1134592K
  class space    used 12341K, capacity 14100K, committed 14208K, reserved 1048576K
}

